2023-09-13 14:49:02.910 +10:00 [ERR] No matched user info found!
System.Collections.Generic.KeyNotFoundException: No matched user info found!
   at MinimalAPIDemoByJiahuaTong.Services.GHPublicAPIService.GetUserInfoByUserNamesAsync(List`1 UserNameList) in C:\temp\MinimapAPIDemoByJiahuaTong\Services\GHPublicAPIService.cs:line 65
   at MinimapAPIDemoByJiahuaTong.EndPoints.GitHubUsersEndpoints.GetUsersAsync(String UserNameList, ISender sender) in C:\temp\MinimapAPIDemoByJiahuaTong\EndPoints\GitHubUsersEndPoint.cs:line 31
   at Microsoft.AspNetCore.Http.RequestDelegateFactory.ExecuteTaskResult[T](Task`1 task, HttpContext httpContext)
   at Microsoft.AspNetCore.Routing.EndpointMiddleware.<Invoke>g__AwaitRequestTask|6_0(Endpoint endpoint, Task requestTask, ILogger logger)
   at Microsoft.AspNetCore.Authorization.AuthorizationMiddleware.Invoke(HttpContext context)
   at MinimalAPIDemoByJiahuaTong.Middleware.ExceptionHandlerMiddleware.InvokeAsync(HttpContext context) in C:\temp\MinimapAPIDemoByJiahuaTong\Middleware\ExceptionHandleMiddleWare.cs:line 25
2023-09-13 16:34:41.314 +10:00 [ERR] No matched user info found!
System.Collections.Generic.KeyNotFoundException: No matched user info found!
   at MinimalAPIDemoByJiahuaTong.Services.GHPublicAPIService.GetUserInfoByUserNamesAsync(List`1 UserNameList) in C:\temp\MinimapAPIDemoByJiahuaTong\Services\GHPublicAPIService.cs:line 65
   at MinimapAPIDemoByJiahuaTong.EndPoints.GitHubUsersEndpoints.GetUsersAsync(String UserNameList, ISender sender) in C:\temp\MinimapAPIDemoByJiahuaTong\EndPoints\GitHubUsersEndPoint.cs:line 31
   at Microsoft.AspNetCore.Http.RequestDelegateFactory.ExecuteTaskResult[T](Task`1 task, HttpContext httpContext)
   at Microsoft.AspNetCore.Routing.EndpointMiddleware.<Invoke>g__AwaitRequestTask|6_0(Endpoint endpoint, Task requestTask, ILogger logger)
   at Microsoft.AspNetCore.Authorization.AuthorizationMiddleware.Invoke(HttpContext context)
   at MinimalAPIDemoByJiahuaTong.Middleware.ExceptionHandlerMiddleware.InvokeAsync(HttpContext context) in C:\temp\MinimapAPIDemoByJiahuaTong\Middleware\ExceptionHandleMiddleWare.cs:line 25
2023-09-13 16:50:26.583 +10:00 [ERR] An unhandled exception has occurred while executing the request.
System.InvalidOperationException: Unable to resolve service for type 'Swashbuckle.AspNetCore.Filters.RequestExample' while attempting to activate 'Swashbuckle.AspNetCore.Filters.ExamplesOperationFilter'.
   at Microsoft.Extensions.DependencyInjection.ActivatorUtilities.ConstructorMatcher.CreateInstance(IServiceProvider provider)
   at Microsoft.Extensions.DependencyInjection.ActivatorUtilities.CreateInstance(IServiceProvider provider, Type instanceType, Object[] parameters)
   at Swashbuckle.AspNetCore.SwaggerGen.ConfigureSwaggerGeneratorOptions.CreateFilter[TFilter](FilterDescriptor filterDescriptor)
   at Swashbuckle.AspNetCore.SwaggerGen.ConfigureSwaggerGeneratorOptions.<>c__DisplayClass4_0.<Configure>b__2(FilterDescriptor filterDescriptor)
   at System.Collections.Generic.List`1.ForEach(Action`1 action)
   at Swashbuckle.AspNetCore.SwaggerGen.ConfigureSwaggerGeneratorOptions.Configure(SwaggerGeneratorOptions options)
   at Microsoft.Extensions.Options.OptionsFactory`1.Create(String name)
   at Microsoft.Extensions.Options.UnnamedOptionsManager`1.get_Value()
   at Microsoft.Extensions.DependencyInjection.SwaggerGenServiceCollectionExtensions.<>c.<AddSwaggerGen>b__0_1(IServiceProvider s)
   at Microsoft.Extensions.DependencyInjection.ServiceLookup.CallSiteVisitor`2.VisitCallSiteMain(ServiceCallSite callSite, TArgument argument)
   at Microsoft.Extensions.DependencyInjection.ServiceLookup.CallSiteRuntimeResolver.VisitDisposeCache(ServiceCallSite transientCallSite, RuntimeResolverContext context)
   at Microsoft.Extensions.DependencyInjection.ServiceLookup.CallSiteVisitor`2.VisitCallSite(ServiceCallSite callSite, TArgument argument)
   at Microsoft.Extensions.DependencyInjection.ServiceLookup.CallSiteRuntimeResolver.VisitConstructor(ConstructorCallSite constructorCallSite, RuntimeResolverContext context)
   at Microsoft.Extensions.DependencyInjection.ServiceLookup.CallSiteVisitor`2.VisitCallSiteMain(ServiceCallSite callSite, TArgument argument)
   at Microsoft.Extensions.DependencyInjection.ServiceLookup.CallSiteRuntimeResolver.VisitDisposeCache(ServiceCallSite transientCallSite, RuntimeResolverContext context)
   at Microsoft.Extensions.DependencyInjection.ServiceLookup.CallSiteVisitor`2.VisitCallSite(ServiceCallSite callSite, TArgument argument)
   at Microsoft.Extensions.DependencyInjection.ServiceLookup.CallSiteRuntimeResolver.Resolve(ServiceCallSite callSite, ServiceProviderEngineScope scope)
   at Microsoft.Extensions.DependencyInjection.ServiceLookup.DynamicServiceProviderEngine.<>c__DisplayClass2_0.<RealizeService>b__0(ServiceProviderEngineScope scope)
   at Microsoft.Extensions.DependencyInjection.ServiceProvider.GetService(Type serviceType, ServiceProviderEngineScope serviceProviderEngineScope)
   at lambda_method3(Closure, Object, HttpContext, IServiceProvider)
   at Microsoft.AspNetCore.Authentication.AuthenticationMiddleware.Invoke(HttpContext context)
   at Microsoft.AspNetCore.Diagnostics.DeveloperExceptionPageMiddlewareImpl.Invoke(HttpContext context)
2023-09-13 16:50:26.874 +10:00 [ERR] An unhandled exception has occurred while executing the request.
System.InvalidOperationException: Unable to resolve service for type 'Swashbuckle.AspNetCore.Filters.RequestExample' while attempting to activate 'Swashbuckle.AspNetCore.Filters.ExamplesOperationFilter'.
   at Microsoft.Extensions.DependencyInjection.ActivatorUtilities.ConstructorMatcher.CreateInstance(IServiceProvider provider)
   at Microsoft.Extensions.DependencyInjection.ActivatorUtilities.CreateInstance(IServiceProvider provider, Type instanceType, Object[] parameters)
   at Swashbuckle.AspNetCore.SwaggerGen.ConfigureSwaggerGeneratorOptions.CreateFilter[TFilter](FilterDescriptor filterDescriptor)
   at Swashbuckle.AspNetCore.SwaggerGen.ConfigureSwaggerGeneratorOptions.<>c__DisplayClass4_0.<Configure>b__2(FilterDescriptor filterDescriptor)
   at System.Collections.Generic.List`1.ForEach(Action`1 action)
   at Swashbuckle.AspNetCore.SwaggerGen.ConfigureSwaggerGeneratorOptions.Configure(SwaggerGeneratorOptions options)
   at Microsoft.Extensions.Options.OptionsFactory`1.Create(String name)
   at Microsoft.Extensions.Options.UnnamedOptionsManager`1.get_Value()
   at Microsoft.Extensions.DependencyInjection.SwaggerGenServiceCollectionExtensions.<>c.<AddSwaggerGen>b__0_1(IServiceProvider s)
   at Microsoft.Extensions.DependencyInjection.ServiceLookup.CallSiteVisitor`2.VisitCallSiteMain(ServiceCallSite callSite, TArgument argument)
   at Microsoft.Extensions.DependencyInjection.ServiceLookup.CallSiteRuntimeResolver.VisitDisposeCache(ServiceCallSite transientCallSite, RuntimeResolverContext context)
   at Microsoft.Extensions.DependencyInjection.ServiceLookup.CallSiteVisitor`2.VisitCallSite(ServiceCallSite callSite, TArgument argument)
   at Microsoft.Extensions.DependencyInjection.ServiceLookup.CallSiteRuntimeResolver.VisitConstructor(ConstructorCallSite constructorCallSite, RuntimeResolverContext context)
   at Microsoft.Extensions.DependencyInjection.ServiceLookup.CallSiteVisitor`2.VisitCallSiteMain(ServiceCallSite callSite, TArgument argument)
   at Microsoft.Extensions.DependencyInjection.ServiceLookup.CallSiteRuntimeResolver.VisitDisposeCache(ServiceCallSite transientCallSite, RuntimeResolverContext context)
   at Microsoft.Extensions.DependencyInjection.ServiceLookup.CallSiteVisitor`2.VisitCallSite(ServiceCallSite callSite, TArgument argument)
   at Microsoft.Extensions.DependencyInjection.ServiceLookup.CallSiteRuntimeResolver.Resolve(ServiceCallSite callSite, ServiceProviderEngineScope scope)
   at Microsoft.Extensions.DependencyInjection.ServiceLookup.DynamicServiceProviderEngine.<>c__DisplayClass2_0.<RealizeService>b__0(ServiceProviderEngineScope scope)
   at Microsoft.Extensions.DependencyInjection.ServiceProvider.GetService(Type serviceType, ServiceProviderEngineScope serviceProviderEngineScope)
   at lambda_method3(Closure, Object, HttpContext, IServiceProvider)
   at Microsoft.AspNetCore.Authentication.AuthenticationMiddleware.Invoke(HttpContext context)
   at Microsoft.AspNetCore.Diagnostics.DeveloperExceptionPageMiddlewareImpl.Invoke(HttpContext context)
2023-09-13 17:22:15.652 +10:00 [ERR] An unhandled exception has occurred while executing the request.
System.InvalidOperationException: Unable to resolve service for type 'Swashbuckle.AspNetCore.Swagger.ISwaggerProvider' while attempting to Invoke middleware 'Swashbuckle.AspNetCore.Swagger.SwaggerMiddleware'.
   at lambda_method3(Closure, Object, HttpContext, IServiceProvider)
   at Microsoft.AspNetCore.Authentication.AuthenticationMiddleware.Invoke(HttpContext context)
   at Microsoft.AspNetCore.Diagnostics.DeveloperExceptionPageMiddlewareImpl.Invoke(HttpContext context)
2023-09-13 17:22:16.042 +10:00 [ERR] An unhandled exception has occurred while executing the request.
System.InvalidOperationException: Unable to resolve service for type 'Swashbuckle.AspNetCore.Swagger.ISwaggerProvider' while attempting to Invoke middleware 'Swashbuckle.AspNetCore.Swagger.SwaggerMiddleware'.
   at lambda_method3(Closure, Object, HttpContext, IServiceProvider)
   at Microsoft.AspNetCore.Authentication.AuthenticationMiddleware.Invoke(HttpContext context)
   at Microsoft.AspNetCore.Diagnostics.DeveloperExceptionPageMiddlewareImpl.Invoke(HttpContext context)
